[0.661s] DEBUG:colcon:Command line arguments: ['/usr/bin/colcon', 'build']
[0.661s] DEBUG:colcon:Parsed command line arguments: Namespace(log_base=None, log_level=None, verb_name='build', build_base='build', install_base='install', merge_install=False, symlink_install=False, test_result_base=None, continue_on_error=False, executor='parallel', parallel_workers=16, event_handlers=None, ignore_user_meta=False, metas=['./colcon.meta'], base_paths=['.'], packages_ignore=None, packages_ignore_regex=None, paths=None, packages_up_to=None, packages_up_to_regex=None, packages_above=None, packages_above_and_dependencies=None, packages_above_depth=None, packages_select_by_dep=None, packages_skip_by_dep=None, packages_skip_up_to=None, packages_select_build_failed=False, packages_skip_build_finished=False, packages_select_test_failures=False, packages_skip_test_passed=False, packages_select=None, packages_skip=None, packages_select_regex=None, packages_skip_regex=None, packages_start=None, packages_end=None, allow_overriding=[], cmake_args=None, cmake_target=None, cmake_target_skip_unavailable=False, cmake_clean_cache=False, cmake_clean_first=False, cmake_force_configure=False, ament_cmake_args=None, catkin_cmake_args=None, catkin_skip_building_tests=False, mixin_files=None, mixin=None, verb_parser=<colcon_mixin.mixin.mixin_argument.MixinArgumentDecorator object at 0x7d5882e79480>, verb_extension=<colcon_core.verb.build.BuildVerb object at 0x7d5882e78f40>, main=<bound method BuildVerb.main of <colcon_core.verb.build.BuildVerb object at 0x7d5882e78f40>>, mixin_verb=('build',))
[1.277s] Level 1:colcon.colcon_core.package_discovery:discover_packages(colcon_meta) check parameters
[1.277s] Level 1:colcon.colcon_core.package_discovery:discover_packages(recursive) check parameters
[1.277s] Level 1:colcon.colcon_core.package_discovery:discover_packages(ignore) check parameters
[1.277s] Level 1:colcon.colcon_core.package_discovery:discover_packages(path) check parameters
[1.277s] Level 1:colcon.colcon_core.package_discovery:discover_packages(colcon_meta) discover
[1.277s] Level 1:colcon.colcon_core.package_discovery:discover_packages(recursive) discover
[1.277s] INFO:colcon.colcon_core.package_discovery:Crawling recursively for packages in '/home/munyaantony/Desktop/Cyber-Truck-and-Trailer-Simulation-in-Gazebo'
[1.277s] Level 1:colcon.colcon_core.package_identification:_identify(.) by extensions ['ignore', 'ignore_ament_install']
[1.277s] Level 1:colcon.colcon_core.package_identification:_identify(.) by extension 'ignore'
[1.277s] Level 1:colcon.colcon_core.package_identification:_identify(.) by extension 'ignore_ament_install'
[1.277s] Level 1:colcon.colcon_core.package_identification:_identify(.) by extensions ['colcon_pkg']
[1.277s] Level 1:colcon.colcon_core.package_identification:_identify(.) by extension 'colcon_pkg'
[1.277s] Level 1:colcon.colcon_core.package_identification:_identify(.) by extensions ['colcon_meta']
[1.277s] Level 1:colcon.colcon_core.package_identification:_identify(.) by extension 'colcon_meta'
[1.278s] Level 1:colcon.colcon_core.package_identification:_identify(.) by extensions ['ros']
[1.278s] Level 1:colcon.colcon_core.package_identification:_identify(.) by extension 'ros'
[1.350s] Level 1:colcon.colcon_core.package_identification:_identify(.) by extensions ['cmake', 'python']
[1.351s] Level 1:colcon.colcon_core.package_identification:_identify(.) by extension 'cmake'
[1.351s] Level 1:colcon.colcon_core.package_identification:_identify(.) by extension 'python'
[1.351s] Level 1:colcon.colcon_core.package_identification:_identify(.) by extensions ['python_setup_py']
[1.351s] Level 1:colcon.colcon_core.package_identification:_identify(.) by extension 'python_setup_py'
[1.351s] Level 1:colcon.colcon_core.package_identification:_identify(build) by extensions ['ignore', 'ignore_ament_install']
[1.351s] Level 1:colcon.colcon_core.package_identification:_identify(build) by extension 'ignore'
[1.351s] Level 1:colcon.colcon_core.package_identification:_identify(build) ignored
[1.352s] Level 1:colcon.colcon_core.package_identification:_identify(cyber_trailer) by extensions ['ignore', 'ignore_ament_install']
[1.352s] Level 1:colcon.colcon_core.package_identification:_identify(cyber_trailer) by extension 'ignore'
[1.352s] Level 1:colcon.colcon_core.package_identification:_identify(cyber_trailer) by extension 'ignore_ament_install'
[1.352s] Level 1:colcon.colcon_core.package_identification:_identify(cyber_trailer) by extensions ['colcon_pkg']
[1.352s] Level 1:colcon.colcon_core.package_identification:_identify(cyber_trailer) by extension 'colcon_pkg'
[1.352s] Level 1:colcon.colcon_core.package_identification:_identify(cyber_trailer) by extensions ['colcon_meta']
[1.352s] Level 1:colcon.colcon_core.package_identification:_identify(cyber_trailer) by extension 'colcon_meta'
[1.352s] Level 1:colcon.colcon_core.package_identification:_identify(cyber_trailer) by extensions ['ros']
[1.353s] Level 1:colcon.colcon_core.package_identification:_identify(cyber_trailer) by extension 'ros'
[1.353s] Level 1:colcon.colcon_core.package_identification:_identify(cyber_trailer) by extensions ['cmake', 'python']
[1.353s] Level 1:colcon.colcon_core.package_identification:_identify(cyber_trailer) by extension 'cmake'
[1.353s] Level 1:colcon.colcon_core.package_identification:_identify(cyber_trailer) by extension 'python'
[1.353s] Level 1:colcon.colcon_core.package_identification:_identify(cyber_trailer) by extensions ['python_setup_py']
[1.353s] Level 1:colcon.colcon_core.package_identification:_identify(cyber_trailer) by extension 'python_setup_py'
[1.353s] Level 1:colcon.colcon_core.package_identification:_identify(cyber_trailer/car_gazebo_plugin) by extensions ['ignore', 'ignore_ament_install']
[1.353s] Level 1:colcon.colcon_core.package_identification:_identify(cyber_trailer/car_gazebo_plugin) by extension 'ignore'
[1.354s] Level 1:colcon.colcon_core.package_identification:_identify(cyber_trailer/car_gazebo_plugin) by extension 'ignore_ament_install'
[1.354s] Level 1:colcon.colcon_core.package_identification:_identify(cyber_trailer/car_gazebo_plugin) by extensions ['colcon_pkg']
[1.354s] Level 1:colcon.colcon_core.package_identification:_identify(cyber_trailer/car_gazebo_plugin) by extension 'colcon_pkg'
[1.354s] Level 1:colcon.colcon_core.package_identification:_identify(cyber_trailer/car_gazebo_plugin) by extensions ['colcon_meta']
[1.354s] Level 1:colcon.colcon_core.package_identification:_identify(cyber_trailer/car_gazebo_plugin) by extension 'colcon_meta'
[1.354s] Level 1:colcon.colcon_core.package_identification:_identify(cyber_trailer/car_gazebo_plugin) by extensions ['ros']
[1.354s] Level 1:colcon.colcon_core.package_identification:_identify(cyber_trailer/car_gazebo_plugin) by extension 'ros'
[1.362s] DEBUG:colcon.colcon_core.package_identification:Package 'cyber_trailer/car_gazebo_plugin' with type 'ros.ament_cmake' and name 'car_gazebo_plugin'
[1.362s] Level 1:colcon.colcon_core.package_identification:_identify(cyber_trailer/cyber_interfaces) by extensions ['ignore', 'ignore_ament_install']
[1.362s] Level 1:colcon.colcon_core.package_identification:_identify(cyber_trailer/cyber_interfaces) by extension 'ignore'
[1.362s] Level 1:colcon.colcon_core.package_identification:_identify(cyber_trailer/cyber_interfaces) by extension 'ignore_ament_install'
[1.362s] Level 1:colcon.colcon_core.package_identification:_identify(cyber_trailer/cyber_interfaces) by extensions ['colcon_pkg']
[1.362s] Level 1:colcon.colcon_core.package_identification:_identify(cyber_trailer/cyber_interfaces) by extension 'colcon_pkg'
[1.362s] Level 1:colcon.colcon_core.package_identification:_identify(cyber_trailer/cyber_interfaces) by extensions ['colcon_meta']
[1.363s] Level 1:colcon.colcon_core.package_identification:_identify(cyber_trailer/cyber_interfaces) by extension 'colcon_meta'
[1.363s] Level 1:colcon.colcon_core.package_identification:_identify(cyber_trailer/cyber_interfaces) by extensions ['ros']
[1.363s] Level 1:colcon.colcon_core.package_identification:_identify(cyber_trailer/cyber_interfaces) by extension 'ros'
[1.364s] DEBUG:colcon.colcon_core.package_identification:Package 'cyber_trailer/cyber_interfaces' with type 'ros.ament_cmake' and name 'cyber_interfaces'
[1.364s] Level 1:colcon.colcon_core.package_identification:_identify(cyber_trailer/cyber_truck_trailer) by extensions ['ignore', 'ignore_ament_install']
[1.364s] Level 1:colcon.colcon_core.package_identification:_identify(cyber_trailer/cyber_truck_trailer) by extension 'ignore'
[1.364s] Level 1:colcon.colcon_core.package_identification:_identify(cyber_trailer/cyber_truck_trailer) by extension 'ignore_ament_install'
[1.364s] Level 1:colcon.colcon_core.package_identification:_identify(cyber_trailer/cyber_truck_trailer) by extensions ['colcon_pkg']
[1.364s] Level 1:colcon.colcon_core.package_identification:_identify(cyber_trailer/cyber_truck_trailer) by extension 'colcon_pkg'
[1.364s] Level 1:colcon.colcon_core.package_identification:_identify(cyber_trailer/cyber_truck_trailer) by extensions ['colcon_meta']
[1.364s] Level 1:colcon.colcon_core.package_identification:_identify(cyber_trailer/cyber_truck_trailer) by extension 'colcon_meta'
[1.364s] Level 1:colcon.colcon_core.package_identification:_identify(cyber_trailer/cyber_truck_trailer) by extensions ['ros']
[1.364s] Level 1:colcon.colcon_core.package_identification:_identify(cyber_trailer/cyber_truck_trailer) by extension 'ros'
[1.366s] DEBUG:colcon.colcon_core.package_identification:Package 'cyber_trailer/cyber_truck_trailer' with type 'ros.ament_cmake' and name 'cyber_truck_trailer'
[1.366s] Level 1:colcon.colcon_core.package_identification:_identify(cyber_trailer/docker) by extensions ['ignore', 'ignore_ament_install']
[1.366s] Level 1:colcon.colcon_core.package_identification:_identify(cyber_trailer/docker) by extension 'ignore'
[1.366s] Level 1:colcon.colcon_core.package_identification:_identify(cyber_trailer/docker) by extension 'ignore_ament_install'
[1.366s] Level 1:colcon.colcon_core.package_identification:_identify(cyber_trailer/docker) by extensions ['colcon_pkg']
[1.366s] Level 1:colcon.colcon_core.package_identification:_identify(cyber_trailer/docker) by extension 'colcon_pkg'
[1.366s] Level 1:colcon.colcon_core.package_identification:_identify(cyber_trailer/docker) by extensions ['colcon_meta']
[1.366s] Level 1:colcon.colcon_core.package_identification:_identify(cyber_trailer/docker) by extension 'colcon_meta'
[1.366s] Level 1:colcon.colcon_core.package_identification:_identify(cyber_trailer/docker) by extensions ['ros']
[1.366s] Level 1:colcon.colcon_core.package_identification:_identify(cyber_trailer/docker) by extension 'ros'
[1.366s] Level 1:colcon.colcon_core.package_identification:_identify(cyber_trailer/docker) by extensions ['cmake', 'python']
[1.366s] Level 1:colcon.colcon_core.package_identification:_identify(cyber_trailer/docker) by extension 'cmake'
[1.366s] Level 1:colcon.colcon_core.package_identification:_identify(cyber_trailer/docker) by extension 'python'
[1.367s] Level 1:colcon.colcon_core.package_identification:_identify(cyber_trailer/docker) by extensions ['python_setup_py']
[1.367s] Level 1:colcon.colcon_core.package_identification:_identify(cyber_trailer/docker) by extension 'python_setup_py'
[1.367s] Level 1:colcon.colcon_core.package_identification:_identify(cyber_trailer/simple_controller) by extensions ['ignore', 'ignore_ament_install']
[1.367s] Level 1:colcon.colcon_core.package_identification:_identify(cyber_trailer/simple_controller) by extension 'ignore'
[1.367s] Level 1:colcon.colcon_core.package_identification:_identify(cyber_trailer/simple_controller) by extension 'ignore_ament_install'
[1.367s] Level 1:colcon.colcon_core.package_identification:_identify(cyber_trailer/simple_controller) by extensions ['colcon_pkg']
[1.367s] Level 1:colcon.colcon_core.package_identification:_identify(cyber_trailer/simple_controller) by extension 'colcon_pkg'
[1.367s] Level 1:colcon.colcon_core.package_identification:_identify(cyber_trailer/simple_controller) by extensions ['colcon_meta']
[1.367s] Level 1:colcon.colcon_core.package_identification:_identify(cyber_trailer/simple_controller) by extension 'colcon_meta'
[1.367s] Level 1:colcon.colcon_core.package_identification:_identify(cyber_trailer/simple_controller) by extensions ['ros']
[1.367s] Level 1:colcon.colcon_core.package_identification:_identify(cyber_trailer/simple_controller) by extension 'ros'
[1.368s] DEBUG:colcon.colcon_core.package_identification:Package 'cyber_trailer/simple_controller' with type 'ros.ament_python' and name 'simple_controller'
[1.368s] Level 1:colcon.colcon_core.package_identification:_identify(cyber_trailer/teleop_interface) by extensions ['ignore', 'ignore_ament_install']
[1.369s] Level 1:colcon.colcon_core.package_identification:_identify(cyber_trailer/teleop_interface) by extension 'ignore'
[1.369s] Level 1:colcon.colcon_core.package_identification:_identify(cyber_trailer/teleop_interface) by extension 'ignore_ament_install'
[1.369s] Level 1:colcon.colcon_core.package_identification:_identify(cyber_trailer/teleop_interface) by extensions ['colcon_pkg']
[1.369s] Level 1:colcon.colcon_core.package_identification:_identify(cyber_trailer/teleop_interface) by extension 'colcon_pkg'
[1.369s] Level 1:colcon.colcon_core.package_identification:_identify(cyber_trailer/teleop_interface) by extensions ['colcon_meta']
[1.369s] Level 1:colcon.colcon_core.package_identification:_identify(cyber_trailer/teleop_interface) by extension 'colcon_meta'
[1.369s] Level 1:colcon.colcon_core.package_identification:_identify(cyber_trailer/teleop_interface) by extensions ['ros']
[1.369s] Level 1:colcon.colcon_core.package_identification:_identify(cyber_trailer/teleop_interface) by extension 'ros'
[1.370s] DEBUG:colcon.colcon_core.package_identification:Package 'cyber_trailer/teleop_interface' with type 'ros.ament_python' and name 'teleop_interface'
[1.370s] Level 1:colcon.colcon_core.package_identification:_identify(install) by extensions ['ignore', 'ignore_ament_install']
[1.370s] Level 1:colcon.colcon_core.package_identification:_identify(install) by extension 'ignore'
[1.370s] Level 1:colcon.colcon_core.package_identification:_identify(install) ignored
[1.370s] Level 1:colcon.colcon_core.package_identification:_identify(log) by extensions ['ignore', 'ignore_ament_install']
[1.370s] Level 1:colcon.colcon_core.package_identification:_identify(log) by extension 'ignore'
[1.370s] Level 1:colcon.colcon_core.package_identification:_identify(log) ignored
[1.370s] Level 1:colcon.colcon_core.package_discovery:discover_packages(recursive) using defaults
[1.370s] Level 1:colcon.colcon_core.package_discovery:discover_packages(ignore) discover
[1.370s] Level 1:colcon.colcon_core.package_discovery:discover_packages(ignore) using defaults
[1.371s] Level 1:colcon.colcon_core.package_discovery:discover_packages(path) discover
[1.371s] Level 1:colcon.colcon_core.package_discovery:discover_packages(path) using defaults
[1.395s] Level 1:colcon.colcon_core.package_discovery:discover_packages(prefix_path) check parameters
[1.395s] Level 1:colcon.colcon_core.package_discovery:discover_packages(prefix_path) discover
[1.398s] Level 1:colcon.colcon_core.package_discovery:discover_packages(prefix_path) using defaults
[1.399s] Level 5:colcon.colcon_core.verb:set package 'cyber_interfaces' build argument 'cmake_args' from command line to 'None'
[1.399s] Level 5:colcon.colcon_core.verb:set package 'cyber_interfaces' build argument 'cmake_target' from command line to 'None'
[1.399s] Level 5:colcon.colcon_core.verb:set package 'cyber_interfaces' build argument 'cmake_target_skip_unavailable' from command line to 'False'
[1.399s] Level 5:colcon.colcon_core.verb:set package 'cyber_interfaces' build argument 'cmake_clean_cache' from command line to 'False'
[1.399s] Level 5:colcon.colcon_core.verb:set package 'cyber_interfaces' build argument 'cmake_clean_first' from command line to 'False'
[1.399s] Level 5:colcon.colcon_core.verb:set package 'cyber_interfaces' build argument 'cmake_force_configure' from command line to 'False'
[1.399s] Level 5:colcon.colcon_core.verb:set package 'cyber_interfaces' build argument 'ament_cmake_args' from command line to 'None'
[1.399s] Level 5:colcon.colcon_core.verb:set package 'cyber_interfaces' build argument 'catkin_cmake_args' from command line to 'None'
[1.399s] Level 5:colcon.colcon_core.verb:set package 'cyber_interfaces' build argument 'catkin_skip_building_tests' from command line to 'False'
[1.399s] DEBUG:colcon.colcon_core.verb:Building package 'cyber_interfaces' with the following arguments: {'ament_cmake_args': None, 'build_base': '/home/munyaantony/Desktop/Cyber-Truck-and-Trailer-Simulation-in-Gazebo/build/cyber_interfaces', 'catkin_cmake_args': None, 'catkin_skip_building_tests': False, 'cmake_args': None, 'cmake_clean_cache': False, 'cmake_clean_first': False, 'cmake_force_configure': False, 'cmake_target': None, 'cmake_target_skip_unavailable': False, 'install_base': '/home/munyaantony/Desktop/Cyber-Truck-and-Trailer-Simulation-in-Gazebo/install/cyber_interfaces', 'merge_install': False, 'path': '/home/munyaantony/Desktop/Cyber-Truck-and-Trailer-Simulation-in-Gazebo/cyber_trailer/cyber_interfaces', 'symlink_install': False, 'test_result_base': None}
[1.399s] Level 5:colcon.colcon_core.verb:set package 'cyber_truck_trailer' build argument 'cmake_args' from command line to 'None'
[1.399s] Level 5:colcon.colcon_core.verb:set package 'cyber_truck_trailer' build argument 'cmake_target' from command line to 'None'
[1.399s] Level 5:colcon.colcon_core.verb:set package 'cyber_truck_trailer' build argument 'cmake_target_skip_unavailable' from command line to 'False'
[1.399s] Level 5:colcon.colcon_core.verb:set package 'cyber_truck_trailer' build argument 'cmake_clean_cache' from command line to 'False'
[1.399s] Level 5:colcon.colcon_core.verb:set package 'cyber_truck_trailer' build argument 'cmake_clean_first' from command line to 'False'
[1.399s] Level 5:colcon.colcon_core.verb:set package 'cyber_truck_trailer' build argument 'cmake_force_configure' from command line to 'False'
[1.399s] Level 5:colcon.colcon_core.verb:set package 'cyber_truck_trailer' build argument 'ament_cmake_args' from command line to 'None'
[1.399s] Level 5:colcon.colcon_core.verb:set package 'cyber_truck_trailer' build argument 'catkin_cmake_args' from command line to 'None'
[1.399s] Level 5:colcon.colcon_core.verb:set package 'cyber_truck_trailer' build argument 'catkin_skip_building_tests' from command line to 'False'
[1.399s] DEBUG:colcon.colcon_core.verb:Building package 'cyber_truck_trailer' with the following arguments: {'ament_cmake_args': None, 'build_base': '/home/munyaantony/Desktop/Cyber-Truck-and-Trailer-Simulation-in-Gazebo/build/cyber_truck_trailer', 'catkin_cmake_args': None, 'catkin_skip_building_tests': False, 'cmake_args': None, 'cmake_clean_cache': False, 'cmake_clean_first': False, 'cmake_force_configure': False, 'cmake_target': None, 'cmake_target_skip_unavailable': False, 'install_base': '/home/munyaantony/Desktop/Cyber-Truck-and-Trailer-Simulation-in-Gazebo/install/cyber_truck_trailer', 'merge_install': False, 'path': '/home/munyaantony/Desktop/Cyber-Truck-and-Trailer-Simulation-in-Gazebo/cyber_trailer/cyber_truck_trailer', 'symlink_install': False, 'test_result_base': None}
[1.400s] Level 5:colcon.colcon_core.verb:set package 'simple_controller' build argument 'cmake_args' from command line to 'None'
[1.400s] Level 5:colcon.colcon_core.verb:set package 'simple_controller' build argument 'cmake_target' from command line to 'None'
[1.400s] Level 5:colcon.colcon_core.verb:set package 'simple_controller' build argument 'cmake_target_skip_unavailable' from command line to 'False'
[1.400s] Level 5:colcon.colcon_core.verb:set package 'simple_controller' build argument 'cmake_clean_cache' from command line to 'False'
[1.400s] Level 5:colcon.colcon_core.verb:set package 'simple_controller' build argument 'cmake_clean_first' from command line to 'False'
[1.400s] Level 5:colcon.colcon_core.verb:set package 'simple_controller' build argument 'cmake_force_configure' from command line to 'False'
[1.400s] Level 5:colcon.colcon_core.verb:set package 'simple_controller' build argument 'ament_cmake_args' from command line to 'None'
[1.400s] Level 5:colcon.colcon_core.verb:set package 'simple_controller' build argument 'catkin_cmake_args' from command line to 'None'
[1.400s] Level 5:colcon.colcon_core.verb:set package 'simple_controller' build argument 'catkin_skip_building_tests' from command line to 'False'
[1.400s] DEBUG:colcon.colcon_core.verb:Building package 'simple_controller' with the following arguments: {'ament_cmake_args': None, 'build_base': '/home/munyaantony/Desktop/Cyber-Truck-and-Trailer-Simulation-in-Gazebo/build/simple_controller', 'catkin_cmake_args': None, 'catkin_skip_building_tests': False, 'cmake_args': None, 'cmake_clean_cache': False, 'cmake_clean_first': False, 'cmake_force_configure': False, 'cmake_target': None, 'cmake_target_skip_unavailable': False, 'install_base': '/home/munyaantony/Desktop/Cyber-Truck-and-Trailer-Simulation-in-Gazebo/install/simple_controller', 'merge_install': False, 'path': '/home/munyaantony/Desktop/Cyber-Truck-and-Trailer-Simulation-in-Gazebo/cyber_trailer/simple_controller', 'symlink_install': False, 'test_result_base': None}
[1.400s] Level 5:colcon.colcon_core.verb:set package 'teleop_interface' build argument 'cmake_args' from command line to 'None'
[1.400s] Level 5:colcon.colcon_core.verb:set package 'teleop_interface' build argument 'cmake_target' from command line to 'None'
[1.400s] Level 5:colcon.colcon_core.verb:set package 'teleop_interface' build argument 'cmake_target_skip_unavailable' from command line to 'False'
[1.400s] Level 5:colcon.colcon_core.verb:set package 'teleop_interface' build argument 'cmake_clean_cache' from command line to 'False'
[1.400s] Level 5:colcon.colcon_core.verb:set package 'teleop_interface' build argument 'cmake_clean_first' from command line to 'False'
[1.400s] Level 5:colcon.colcon_core.verb:set package 'teleop_interface' build argument 'cmake_force_configure' from command line to 'False'
[1.400s] Level 5:colcon.colcon_core.verb:set package 'teleop_interface' build argument 'ament_cmake_args' from command line to 'None'
[1.400s] Level 5:colcon.colcon_core.verb:set package 'teleop_interface' build argument 'catkin_cmake_args' from command line to 'None'
[1.400s] Level 5:colcon.colcon_core.verb:set package 'teleop_interface' build argument 'catkin_skip_building_tests' from command line to 'False'
[1.400s] DEBUG:colcon.colcon_core.verb:Building package 'teleop_interface' with the following arguments: {'ament_cmake_args': None, 'build_base': '/home/munyaantony/Desktop/Cyber-Truck-and-Trailer-Simulation-in-Gazebo/build/teleop_interface', 'catkin_cmake_args': None, 'catkin_skip_building_tests': False, 'cmake_args': None, 'cmake_clean_cache': False, 'cmake_clean_first': False, 'cmake_force_configure': False, 'cmake_target': None, 'cmake_target_skip_unavailable': False, 'install_base': '/home/munyaantony/Desktop/Cyber-Truck-and-Trailer-Simulation-in-Gazebo/install/teleop_interface', 'merge_install': False, 'path': '/home/munyaantony/Desktop/Cyber-Truck-and-Trailer-Simulation-in-Gazebo/cyber_trailer/teleop_interface', 'symlink_install': False, 'test_result_base': None}
[1.400s] Level 5:colcon.colcon_core.verb:set package 'car_gazebo_plugin' build argument 'cmake_args' from command line to 'None'
[1.400s] Level 5:colcon.colcon_core.verb:set package 'car_gazebo_plugin' build argument 'cmake_target' from command line to 'None'
[1.400s] Level 5:colcon.colcon_core.verb:set package 'car_gazebo_plugin' build argument 'cmake_target_skip_unavailable' from command line to 'False'
[1.401s] Level 5:colcon.colcon_core.verb:set package 'car_gazebo_plugin' build argument 'cmake_clean_cache' from command line to 'False'
[1.401s] Level 5:colcon.colcon_core.verb:set package 'car_gazebo_plugin' build argument 'cmake_clean_first' from command line to 'False'
[1.401s] Level 5:colcon.colcon_core.verb:set package 'car_gazebo_plugin' build argument 'cmake_force_configure' from command line to 'False'
[1.401s] Level 5:colcon.colcon_core.verb:set package 'car_gazebo_plugin' build argument 'ament_cmake_args' from command line to 'None'
[1.401s] Level 5:colcon.colcon_core.verb:set package 'car_gazebo_plugin' build argument 'catkin_cmake_args' from command line to 'None'
[1.401s] Level 5:colcon.colcon_core.verb:set package 'car_gazebo_plugin' build argument 'catkin_skip_building_tests' from command line to 'False'
[1.401s] DEBUG:colcon.colcon_core.verb:Building package 'car_gazebo_plugin' with the following arguments: {'ament_cmake_args': None, 'build_base': '/home/munyaantony/Desktop/Cyber-Truck-and-Trailer-Simulation-in-Gazebo/build/car_gazebo_plugin', 'catkin_cmake_args': None, 'catkin_skip_building_tests': False, 'cmake_args': None, 'cmake_clean_cache': False, 'cmake_clean_first': False, 'cmake_force_configure': False, 'cmake_target': None, 'cmake_target_skip_unavailable': False, 'install_base': '/home/munyaantony/Desktop/Cyber-Truck-and-Trailer-Simulation-in-Gazebo/install/car_gazebo_plugin', 'merge_install': False, 'path': '/home/munyaantony/Desktop/Cyber-Truck-and-Trailer-Simulation-in-Gazebo/cyber_trailer/car_gazebo_plugin', 'symlink_install': False, 'test_result_base': None}
[1.401s] INFO:colcon.colcon_core.executor:Executing jobs using 'parallel' executor
[1.401s] DEBUG:colcon.colcon_parallel_executor.executor.parallel:run_until_complete
[1.402s] INFO:colcon.colcon_ros.task.ament_cmake.build:Building ROS package in '/home/munyaantony/Desktop/Cyber-Truck-and-Trailer-Simulation-in-Gazebo/cyber_trailer/cyber_interfaces' with build type 'ament_cmake'
[1.402s] INFO:colcon.colcon_cmake.task.cmake.build:Building CMake package in '/home/munyaantony/Desktop/Cyber-Truck-and-Trailer-Simulation-in-Gazebo/cyber_trailer/cyber_interfaces'
[1.405s] INFO:colcon.colcon_core.plugin_system:Skipping extension 'colcon_core.shell.bat': Not used on non-Windows systems
[1.405s] INFO:colcon.colcon_core.shell:Skip shell extension 'powershell' for command environment: Not usable outside of PowerShell
[1.405s] DEBUG:colcon.colcon_core.shell:Skip shell extension 'dsv' for command environment
[1.406s] INFO:colcon.colcon_ros.task.ament_cmake.build:Building ROS package in '/home/munyaantony/Desktop/Cyber-Truck-and-Trailer-Simulation-in-Gazebo/cyber_trailer/cyber_truck_trailer' with build type 'ament_cmake'
[1.406s] INFO:colcon.colcon_cmake.task.cmake.build:Building CMake package in '/home/munyaantony/Desktop/Cyber-Truck-and-Trailer-Simulation-in-Gazebo/cyber_trailer/cyber_truck_trailer'
[1.407s] INFO:colcon.colcon_core.shell:Skip shell extension 'powershell' for command environment: Not usable outside of PowerShell
[1.407s] DEBUG:colcon.colcon_core.shell:Skip shell extension 'dsv' for command environment
[1.407s] INFO:colcon.colcon_ros.task.ament_python.build:Building ROS package in '/home/munyaantony/Desktop/Cyber-Truck-and-Trailer-Simulation-in-Gazebo/cyber_trailer/simple_controller' with build type 'ament_python'
[1.407s] Level 1:colcon.colcon_core.shell:create_environment_hook('simple_controller', 'ament_prefix_path')
[1.408s] INFO:colcon.colcon_core.shell:Creating environment hook '/home/munyaantony/Desktop/Cyber-Truck-and-Trailer-Simulation-in-Gazebo/install/simple_controller/share/simple_controller/hook/ament_prefix_path.ps1'
[1.408s] INFO:colcon.colcon_core.shell:Creating environment descriptor '/home/munyaantony/Desktop/Cyber-Truck-and-Trailer-Simulation-in-Gazebo/install/simple_controller/share/simple_controller/hook/ament_prefix_path.dsv'
[1.409s] INFO:colcon.colcon_core.shell:Creating environment hook '/home/munyaantony/Desktop/Cyber-Truck-and-Trailer-Simulation-in-Gazebo/install/simple_controller/share/simple_controller/hook/ament_prefix_path.sh'
[1.409s] INFO:colcon.colcon_core.shell:Skip shell extension 'powershell' for command environment: Not usable outside of PowerShell
[1.409s] DEBUG:colcon.colcon_core.shell:Skip shell extension 'dsv' for command environment
[1.410s] INFO:colcon.colcon_ros.task.ament_python.build:Building ROS package in '/home/munyaantony/Desktop/Cyber-Truck-and-Trailer-Simulation-in-Gazebo/cyber_trailer/teleop_interface' with build type 'ament_python'
[1.410s] Level 1:colcon.colcon_core.shell:create_environment_hook('teleop_interface', 'ament_prefix_path')
[1.410s] INFO:colcon.colcon_core.shell:Creating environment hook '/home/munyaantony/Desktop/Cyber-Truck-and-Trailer-Simulation-in-Gazebo/install/teleop_interface/share/teleop_interface/hook/ament_prefix_path.ps1'
[1.411s] INFO:colcon.colcon_core.shell:Creating environment descriptor '/home/munyaantony/Desktop/Cyber-Truck-and-Trailer-Simulation-in-Gazebo/install/teleop_interface/share/teleop_interface/hook/ament_prefix_path.dsv'
[1.411s] INFO:colcon.colcon_core.shell:Creating environment hook '/home/munyaantony/Desktop/Cyber-Truck-and-Trailer-Simulation-in-Gazebo/install/teleop_interface/share/teleop_interface/hook/ament_prefix_path.sh'
[1.411s] INFO:colcon.colcon_core.shell:Skip shell extension 'powershell' for command environment: Not usable outside of PowerShell
[1.411s] DEBUG:colcon.colcon_core.shell:Skip shell extension 'dsv' for command environment
[1.415s] DEBUG:colcon.colcon_core.event_handler.log_command:Invoking command in '/home/munyaantony/Desktop/Cyber-Truck-and-Trailer-Simulation-in-Gazebo/build/cyber_interfaces': /usr/local/bin/cmake /home/munyaantony/Desktop/Cyber-Truck-and-Trailer-Simulation-in-Gazebo/cyber_trailer/cyber_interfaces -DCMAKE_INSTALL_PREFIX=/home/munyaantony/Desktop/Cyber-Truck-and-Trailer-Simulation-in-Gazebo/install/cyber_interfaces
[1.421s] DEBUG:colcon.colcon_core.event_handler.log_command:Invoking command in '/home/munyaantony/Desktop/Cyber-Truck-and-Trailer-Simulation-in-Gazebo/build/cyber_truck_trailer': /usr/local/bin/cmake /home/munyaantony/Desktop/Cyber-Truck-and-Trailer-Simulation-in-Gazebo/cyber_trailer/cyber_truck_trailer -DCMAKE_INSTALL_PREFIX=/home/munyaantony/Desktop/Cyber-Truck-and-Trailer-Simulation-in-Gazebo/install/cyber_truck_trailer
[1.782s] INFO:colcon.colcon_core.task.python.build:Building Python package in '/home/munyaantony/Desktop/Cyber-Truck-and-Trailer-Simulation-in-Gazebo/cyber_trailer/simple_controller'
[1.782s] INFO:colcon.colcon_core.shell:Skip shell extension 'powershell' for command environment: Not usable outside of PowerShell
[1.782s] DEBUG:colcon.colcon_core.shell:Skip shell extension 'dsv' for command environment
[1.995s] INFO:colcon.colcon_core.task.python.build:Building Python package in '/home/munyaantony/Desktop/Cyber-Truck-and-Trailer-Simulation-in-Gazebo/cyber_trailer/teleop_interface'
[1.995s] INFO:colcon.colcon_core.shell:Skip shell extension 'powershell' for command environment: Not usable outside of PowerShell
[1.995s] DEBUG:colcon.colcon_core.shell:Skip shell extension 'dsv' for command environment
[3.104s] DEBUG:colcon.colcon_core.event_handler.log_command:Invoked command in '/home/munyaantony/Desktop/Cyber-Truck-and-Trailer-Simulation-in-Gazebo/build/cyber_interfaces' returned '1': /usr/local/bin/cmake /home/munyaantony/Desktop/Cyber-Truck-and-Trailer-Simulation-in-Gazebo/cyber_trailer/cyber_interfaces -DCMAKE_INSTALL_PREFIX=/home/munyaantony/Desktop/Cyber-Truck-and-Trailer-Simulation-in-Gazebo/install/cyber_interfaces
[3.105s] DEBUG:colcon.colcon_core.event_handler.log_command:Invoked command in '/home/munyaantony/Desktop/Cyber-Truck-and-Trailer-Simulation-in-Gazebo/build/cyber_truck_trailer' returned '1': /usr/local/bin/cmake /home/munyaantony/Desktop/Cyber-Truck-and-Trailer-Simulation-in-Gazebo/cyber_trailer/cyber_truck_trailer -DCMAKE_INSTALL_PREFIX=/home/munyaantony/Desktop/Cyber-Truck-and-Trailer-Simulation-in-Gazebo/install/cyber_truck_trailer
[3.107s] Level 1:colcon.colcon_core.environment:create_environment_scripts_only(cyber_interfaces)
[3.114s] Level 1:colcon.colcon_core.environment:checking '/home/munyaantony/Desktop/Cyber-Truck-and-Trailer-Simulation-in-Gazebo/install/cyber_interfaces' for CMake module files
[3.114s] Level 1:colcon.colcon_core.environment:checking '/home/munyaantony/Desktop/Cyber-Truck-and-Trailer-Simulation-in-Gazebo/install/cyber_interfaces' for CMake config files
[3.114s] Level 1:colcon.colcon_core.environment:checking '/home/munyaantony/Desktop/Cyber-Truck-and-Trailer-Simulation-in-Gazebo/install/cyber_interfaces/bin'
[3.114s] Level 1:colcon.colcon_core.environment:checking '/home/munyaantony/Desktop/Cyber-Truck-and-Trailer-Simulation-in-Gazebo/install/cyber_interfaces/lib/pkgconfig/cyber_interfaces.pc'
[3.114s] Level 1:colcon.colcon_core.environment:checking '/home/munyaantony/Desktop/Cyber-Truck-and-Trailer-Simulation-in-Gazebo/install/cyber_interfaces/lib/python3.10/site-packages'
[3.114s] Level 1:colcon.colcon_core.environment:checking '/home/munyaantony/Desktop/Cyber-Truck-and-Trailer-Simulation-in-Gazebo/install/cyber_interfaces/bin'
[3.115s] INFO:colcon.colcon_core.shell:Creating package script '/home/munyaantony/Desktop/Cyber-Truck-and-Trailer-Simulation-in-Gazebo/install/cyber_interfaces/share/cyber_interfaces/package.ps1'
[3.116s] INFO:colcon.colcon_core.shell:Creating package descriptor '/home/munyaantony/Desktop/Cyber-Truck-and-Trailer-Simulation-in-Gazebo/install/cyber_interfaces/share/cyber_interfaces/package.dsv'
[3.118s] INFO:colcon.colcon_core.shell:Creating package script '/home/munyaantony/Desktop/Cyber-Truck-and-Trailer-Simulation-in-Gazebo/install/cyber_interfaces/share/cyber_interfaces/package.sh'
[3.120s] INFO:colcon.colcon_core.shell:Creating package script '/home/munyaantony/Desktop/Cyber-Truck-and-Trailer-Simulation-in-Gazebo/install/cyber_interfaces/share/cyber_interfaces/package.bash'
[3.122s] INFO:colcon.colcon_core.shell:Creating package script '/home/munyaantony/Desktop/Cyber-Truck-and-Trailer-Simulation-in-Gazebo/install/cyber_interfaces/share/cyber_interfaces/package.zsh'
[3.123s] Level 1:colcon.colcon_core.environment:create_file_with_runtime_dependencies(/home/munyaantony/Desktop/Cyber-Truck-and-Trailer-Simulation-in-Gazebo/install/cyber_interfaces/share/colcon-core/packages/cyber_interfaces)
[3.310s] DEBUG:colcon.colcon_parallel_executor.executor.parallel:closing loop
[3.311s] DEBUG:colcon.colcon_parallel_executor.executor.parallel:loop closed
[3.311s] DEBUG:colcon.colcon_parallel_executor.executor.parallel:run_until_complete finished with '1'
[3.311s] DEBUG:colcon.colcon_core.event_reactor:joining thread
[3.330s] INFO:colcon.colcon_core.plugin_system:Skipping extension 'colcon_notification.desktop_notification.terminal_notifier': Not used on non-Darwin systems
[3.330s] INFO:colcon.colcon_core.plugin_system:Skipping extension 'colcon_notification.desktop_notification.win32': Not used on non-Windows systems
[3.330s] INFO:colcon.colcon_notification.desktop_notification:Sending desktop notification using 'notify2'
[3.389s] DEBUG:colcon.colcon_core.event_reactor:joined thread
[3.389s] INFO:colcon.colcon_core.shell:Creating prefix script '/home/munyaantony/Desktop/Cyber-Truck-and-Trailer-Simulation-in-Gazebo/install/local_setup.ps1'
[3.391s] INFO:colcon.colcon_core.shell:Creating prefix util module '/home/munyaantony/Desktop/Cyber-Truck-and-Trailer-Simulation-in-Gazebo/install/_local_setup_util_ps1.py'
[3.393s] INFO:colcon.colcon_core.shell:Creating prefix chain script '/home/munyaantony/Desktop/Cyber-Truck-and-Trailer-Simulation-in-Gazebo/install/setup.ps1'
[3.394s] INFO:colcon.colcon_core.shell:Creating prefix script '/home/munyaantony/Desktop/Cyber-Truck-and-Trailer-Simulation-in-Gazebo/install/local_setup.sh'
[3.395s] INFO:colcon.colcon_core.shell:Creating prefix util module '/home/munyaantony/Desktop/Cyber-Truck-and-Trailer-Simulation-in-Gazebo/install/_local_setup_util_sh.py'
[3.395s] INFO:colcon.colcon_core.shell:Creating prefix chain script '/home/munyaantony/Desktop/Cyber-Truck-and-Trailer-Simulation-in-Gazebo/install/setup.sh'
[3.396s] INFO:colcon.colcon_core.shell:Creating prefix script '/home/munyaantony/Desktop/Cyber-Truck-and-Trailer-Simulation-in-Gazebo/install/local_setup.bash'
[3.397s] INFO:colcon.colcon_core.shell:Creating prefix chain script '/home/munyaantony/Desktop/Cyber-Truck-and-Trailer-Simulation-in-Gazebo/install/setup.bash'
[3.398s] INFO:colcon.colcon_core.shell:Creating prefix script '/home/munyaantony/Desktop/Cyber-Truck-and-Trailer-Simulation-in-Gazebo/install/local_setup.zsh'
[3.399s] INFO:colcon.colcon_core.shell:Creating prefix chain script '/home/munyaantony/Desktop/Cyber-Truck-and-Trailer-Simulation-in-Gazebo/install/setup.zsh'
