[0.013s] Invoking command in '/home/munyaantony/Desktop/Cyber-Truck-and-Trailer-Simulation-in-Gazebo/build/cyber_interfaces': /usr/local/bin/cmake /home/munyaantony/Desktop/Cyber-Truck-and-Trailer-Simulation-in-Gazebo/cyber_trailer/cyber_interfaces -DCMAKE_INSTALL_PREFIX=/home/munyaantony/Desktop/Cyber-Truck-and-Trailer-Simulation-in-Gazebo/install/cyber_interfaces
[0.871s] -- The C compiler identification is GNU 11.4.0
[1.193s] -- The CXX compiler identification is GNU 11.4.0
[1.209s] -- Detecting C compiler ABI info
[1.361s] -- Detecting C compiler ABI info - done
[1.368s] -- Check for working C compiler: /usr/bin/cc - skipped
[1.411s] -- Detecting C compile features
[1.413s] -- Detecting C compile features - done
[1.440s] -- Detecting CXX compiler ABI info
[1.622s] -- Detecting CXX compiler ABI info - done
[1.631s] -- Check for working CXX compiler: /usr/bin/c++ - skipped
[1.632s] -- Detecting CXX compile features
[1.632s] -- Detecting CXX compile features - done
[1.697s] [31mCMake Error at CMakeLists.txt:9 (find_package):
[1.697s]   By not providing "Findament_cmake.cmake" in CMAKE_MODULE_PATH this project
[1.697s]   has asked CMake to find a package configuration file provided by
[1.697s]   "ament_cmake", but CMake did not find one.
[1.697s] 
[1.697s]   Could not find a package configuration file provided by "ament_cmake" with
[1.697s]   any of the following names:
[1.698s] 
[1.699s]     ament_cmakeConfig.cmake
[1.699s]     ament_cmake-config.cmake
[1.700s] 
[1.700s]   Add the installation prefix of "ament_cmake" to CMAKE_PREFIX_PATH or set
[1.701s]   "ament_cmake_DIR" to a directory containing one of the above files.  If
[1.701s]   "ament_cmake" provides a separate development package or SDK, be sure it
[1.701s]   has been installed.
[1.702s] 
[1.702s] [0m
[1.702s] -- Configuring incomplete, errors occurred!
[1.702s] Invoked command in '/home/munyaantony/Desktop/Cyber-Truck-and-Trailer-Simulation-in-Gazebo/build/cyber_interfaces' returned '1': /usr/local/bin/cmake /home/munyaantony/Desktop/Cyber-Truck-and-Trailer-Simulation-in-Gazebo/cyber_trailer/cyber_interfaces -DCMAKE_INSTALL_PREFIX=/home/munyaantony/Desktop/Cyber-Truck-and-Trailer-Simulation-in-Gazebo/install/cyber_interfaces
